<?xml version="1.0" encoding="UTF-8"?>
<testsuite name="com.ait.phonebook.tests.HomePageTests" tests="1" skipped="0" failures="0" errors="0" timestamp="2023-11-29T15:44:39" hostname="DESKTOP-TN2GTK0" time="0.01">
  <properties/>
  <testcase name="isHomeComponentPresentTest" classname="com.ait.phonebook.tests.HomePageTests" time="0.01"/>
  <system-out><![CDATA[]]></system-out>
  <system-err><![CDATA[]]></system-err>
</testsuite>
